
*** Running vivado
    with args -log mmio_subsystem.vdi -applog -m64 -product Vivado -messageDb vivado.pb -mode batch -source mmio_subsystem.tcl -notrace

WARNING: Default location for XILINX_HLS not found

****** Vivado v2024.2 (64-bit)
  **** SW Build 5239630 on Fri Nov 08 22:34:34 MST 2024
  **** IP Build 5239520 on Sun Nov 10 16:12:51 MST 2024
  **** SharedData Build 5239561 on Fri Nov 08 14:39:27 MST 2024
  **** Start of session at: Wed Aug 13 13:31:16 2025
    ** Copyright 1986-2022 Xilinx, Inc. All Rights Reserved.
    ** Copyright 2022-2024 Advanced Micro Devices, Inc. All Rights Reserved.

source mmio_subsystem.tcl -notrace
INFO: [IP_Flow 19-234] Refreshing IP repositories
INFO: [IP_Flow 19-1700] Loaded user IP repository '/home/wangjiakun/Development/emperor_soc/hardware/subsystems/mmio'.
INFO: [IP_Flow 19-2313] Loaded Vivado IP repository '/tools/Xilinx/Vivado/2024.2/data/ip'.
Command: link_design -top mmio_subsystem -part xc7a200tfbg676-2
Design is defaulting to srcset: sources_1
Design is defaulting to constrset: constrs_1
INFO: [Device 21-403] Loading part xc7a200tfbg676-2
Netlist sorting complete. Time (s): cpu = 00:00:00.01 ; elapsed = 00:00:00 . Memory (MB): peak = 1741.664 ; gain = 0.000 ; free physical = 4493 ; free virtual = 7418
INFO: [Netlist 29-17] Analyzing 21 Unisim elements for replacement
INFO: [Netlist 29-28] Unisim Transformation completed in 0 CPU seconds
INFO: [Project 1-479] Netlist was created with Vivado 2024.2
INFO: [Project 1-570] Preparing netlist for logic optimization
Parsing XDC File [/home/wangjiakun/Development/emperor_soc/hardware/subsystems/mmio/src/mmio_subsystem.xdc]
Finished Parsing XDC File [/home/wangjiakun/Development/emperor_soc/hardware/subsystems/mmio/src/mmio_subsystem.xdc]
INFO: [Opt 31-138] Pushed 0 inverter(s) to 0 load pin(s).
Netlist sorting complete. Time (s): cpu = 00:00:00 ; elapsed = 00:00:00 . Memory (MB): peak = 1953.285 ; gain = 0.000 ; free physical = 4401 ; free virtual = 7312
INFO: [Project 1-111] Unisim Transformation Summary:
No Unisim elements were transformed.

10 Infos, 0 Warnings, 0 Critical Warnings and 0 Errors encountered.
link_design completed successfully
Command: opt_design
Attempting to get a license for feature 'Implementation' and/or device 'xc7a200t'
INFO: [Common 17-349] Got license for feature 'Implementation' and/or device 'xc7a200t'
Running DRC as a precondition to command opt_design

Starting DRC Task
INFO: [DRC 23-27] Running DRC with 8 threads
INFO: [Project 1-461] DRC finished with 0 Errors
INFO: [Project 1-462] Please refer to the DRC report (report_drc) for more information.

Time (s): cpu = 00:00:00.97 ; elapsed = 00:00:00.34 . Memory (MB): peak = 2067.730 ; gain = 108.508 ; free physical = 4329 ; free virtual = 7254

Starting Cache Timing Information Task
INFO: [Timing 38-35] Done setting XDC timing constraints.
Ending Cache Timing Information Task | Checksum: 26fb0e48e

Time (s): cpu = 00:00:04 ; elapsed = 00:00:04 . Memory (MB): peak = 2531.879 ; gain = 464.148 ; free physical = 3962 ; free virtual = 6890

Starting Logic Optimization Task

Phase 1 Initialization

Phase 1.1 Core Generation And Design Setup
Phase 1.1 Core Generation And Design Setup | Checksum: 26fb0e48e

Time (s): cpu = 00:00:00 ; elapsed = 00:00:00 . Memory (MB): peak = 2870.738 ; gain = 0.000 ; free physical = 3599 ; free virtual = 6527

Phase 1.2 Setup Constraints And Sort Netlist
Phase 1.2 Setup Constraints And Sort Netlist | Checksum: 26fb0e48e

Time (s): cpu = 00:00:00 ; elapsed = 00:00:00 . Memory (MB): peak = 2870.738 ; gain = 0.000 ; free physical = 3599 ; free virtual = 6527
Phase 1 Initialization | Checksum: 26fb0e48e

Time (s): cpu = 00:00:00 ; elapsed = 00:00:00 . Memory (MB): peak = 2870.738 ; gain = 0.000 ; free physical = 3599 ; free virtual = 6527

Phase 2 Timer Update And Timing Data Collection

Phase 2.1 Timer Update
Phase 2.1 Timer Update | Checksum: 26fb0e48e

Time (s): cpu = 00:00:00.02 ; elapsed = 00:00:00.01 . Memory (MB): peak = 2870.738 ; gain = 0.000 ; free physical = 3599 ; free virtual = 6527

Phase 2.2 Timing Data Collection
Phase 2.2 Timing Data Collection | Checksum: 26fb0e48e

Time (s): cpu = 00:00:00.03 ; elapsed = 00:00:00.01 . Memory (MB): peak = 2870.738 ; gain = 0.000 ; free physical = 3599 ; free virtual = 6527
Phase 2 Timer Update And Timing Data Collection | Checksum: 26fb0e48e

Time (s): cpu = 00:00:00.03 ; elapsed = 00:00:00.01 . Memory (MB): peak = 2870.738 ; gain = 0.000 ; free physical = 3599 ; free virtual = 6527

Phase 3 Retarget
INFO: [Opt 31-1851] Number of loadless carry chains removed were: 0
INFO: [Opt 31-1834] Total Chains To Be Transformed Were: 0 AND Number of Transformed insts Created are: 0
INFO: [Opt 31-138] Pushed 0 inverter(s) to 0 load pin(s).
INFO: [Opt 31-49] Retargeted 0 cell(s).
Phase 3 Retarget | Checksum: 26fb0e48e

Time (s): cpu = 00:00:00.04 ; elapsed = 00:00:00.03 . Memory (MB): peak = 2870.738 ; gain = 0.000 ; free physical = 3599 ; free virtual = 6527
Retarget | Checksum: 26fb0e48e
INFO: [Opt 31-389] Phase Retarget created 0 cells and removed 0 cells

Phase 4 Constant propagation
INFO: [Opt 31-138] Pushed 0 inverter(s) to 0 load pin(s).
Phase 4 Constant propagation | Checksum: 26fb0e48e

Time (s): cpu = 00:00:00.05 ; elapsed = 00:00:00.04 . Memory (MB): peak = 2870.738 ; gain = 0.000 ; free physical = 3599 ; free virtual = 6527
Constant propagation | Checksum: 26fb0e48e
INFO: [Opt 31-389] Phase Constant propagation created 0 cells and removed 0 cells

Phase 5 Sweep
INFO: [Constraints 18-11670] Building netlist checker database with flags, 0x8
Done building netlist checker database: Time (s): cpu = 00:00:00 ; elapsed = 00:00:00 . Memory (MB): peak = 2870.738 ; gain = 0.000 ; free physical = 3599 ; free virtual = 6526
Phase 5 Sweep | Checksum: 2724bd22a

Time (s): cpu = 00:00:00.05 ; elapsed = 00:00:00.04 . Memory (MB): peak = 2870.738 ; gain = 0.000 ; free physical = 3599 ; free virtual = 6526
Sweep | Checksum: 2724bd22a
INFO: [Opt 31-389] Phase Sweep created 0 cells and removed 0 cells

Phase 6 BUFG optimization
Phase 6 BUFG optimization | Checksum: 2724bd22a

Time (s): cpu = 00:00:00.07 ; elapsed = 00:00:00.05 . Memory (MB): peak = 2902.754 ; gain = 32.016 ; free physical = 3591 ; free virtual = 6518
BUFG optimization | Checksum: 2724bd22a
INFO: [Opt 31-662] Phase BUFG optimization created 0 cells of which 0 are BUFGs and removed 0 cells.

Phase 7 Shift Register Optimization
INFO: [Opt 31-1064] SRL Remap converted 0 SRLs to 0 registers and converted 0 registers of register chains to 0 SRLs
Phase 7 Shift Register Optimization | Checksum: 2724bd22a

Time (s): cpu = 00:00:00.07 ; elapsed = 00:00:00.05 . Memory (MB): peak = 2902.754 ; gain = 32.016 ; free physical = 3591 ; free virtual = 6518
Shift Register Optimization | Checksum: 2724bd22a
INFO: [Opt 31-389] Phase Shift Register Optimization created 0 cells and removed 0 cells

Phase 8 Post Processing Netlist
Phase 8 Post Processing Netlist | Checksum: 2724bd22a

Time (s): cpu = 00:00:00.07 ; elapsed = 00:00:00.06 . Memory (MB): peak = 2902.754 ; gain = 32.016 ; free physical = 3591 ; free virtual = 6518
Post Processing Netlist | Checksum: 2724bd22a
INFO: [Opt 31-389] Phase Post Processing Netlist created 0 cells and removed 0 cells

Phase 9 Finalization

Phase 9.1 Finalizing Design Cores and Updating Shapes
Phase 9.1 Finalizing Design Cores and Updating Shapes | Checksum: 1952d8f72

Time (s): cpu = 00:00:00.08 ; elapsed = 00:00:00.06 . Memory (MB): peak = 2902.754 ; gain = 32.016 ; free physical = 3591 ; free virtual = 6518

Phase 9.2 Verifying Netlist Connectivity

Starting Connectivity Check Task

Time (s): cpu = 00:00:00 ; elapsed = 00:00:00.01 . Memory (MB): peak = 2902.754 ; gain = 0.000 ; free physical = 3591 ; free virtual = 6518
Phase 9.2 Verifying Netlist Connectivity | Checksum: 1952d8f72

Time (s): cpu = 00:00:00.08 ; elapsed = 00:00:00.07 . Memory (MB): peak = 2902.754 ; gain = 32.016 ; free physical = 3591 ; free virtual = 6518
Phase 9 Finalization | Checksum: 1952d8f72

Time (s): cpu = 00:00:00.08 ; elapsed = 00:00:00.07 . Memory (MB): peak = 2902.754 ; gain = 32.016 ; free physical = 3591 ; free virtual = 6518
Opt_design Change Summary
=========================


-------------------------------------------------------------------------------------------------------------------------
|  Phase                        |  #Cells created  |  #Cells Removed  |  #Constrained objects preventing optimizations  |
-------------------------------------------------------------------------------------------------------------------------
|  Retarget                     |               0  |               0  |                                              0  |
|  Constant propagation         |               0  |               0  |                                              0  |
|  Sweep                        |               0  |               0  |                                              0  |
|  BUFG optimization            |               0  |               0  |                                              0  |
|  Shift Register Optimization  |               0  |               0  |                                              0  |
|  Post Processing Netlist      |               0  |               0  |                                              0  |
-------------------------------------------------------------------------------------------------------------------------


Ending Logic Optimization Task | Checksum: 1952d8f72

Time (s): cpu = 00:00:00.08 ; elapsed = 00:00:00.07 . Memory (MB): peak = 2902.754 ; gain = 32.016 ; free physical = 3591 ; free virtual = 6518

Starting Power Optimization Task
INFO: [Pwropt 34-132] Skipping clock gating for clocks with a period < 2.00 ns.
Ending Power Optimization Task | Checksum: 1952d8f72

Time (s): cpu = 00:00:00.01 ; elapsed = 00:00:00.01 . Memory (MB): peak = 2902.754 ; gain = 0.000 ; free physical = 3591 ; free virtual = 6519

Starting Final Cleanup Task
Ending Final Cleanup Task | Checksum: 1952d8f72

Time (s): cpu = 00:00:00 ; elapsed = 00:00:00 . Memory (MB): peak = 2902.754 ; gain = 0.000 ; free physical = 3591 ; free virtual = 6519

Starting Netlist Obfuscation Task
Netlist sorting complete. Time (s): cpu = 00:00:00 ; elapsed = 00:00:00 . Memory (MB): peak = 2902.754 ; gain = 0.000 ; free physical = 3591 ; free virtual = 6519
Ending Netlist Obfuscation Task | Checksum: 1952d8f72

Time (s): cpu = 00:00:00 ; elapsed = 00:00:00 . Memory (MB): peak = 2902.754 ; gain = 0.000 ; free physical = 3591 ; free virtual = 6519
INFO: [Common 17-83] Releasing license: Implementation
30 Infos, 0 Warnings, 0 Critical Warnings and 0 Errors encountered.
opt_design completed successfully
opt_design: Time (s): cpu = 00:00:07 ; elapsed = 00:00:06 . Memory (MB): peak = 2902.754 ; gain = 943.531 ; free physical = 3591 ; free virtual = 6519
INFO: [Vivado 12-24828] Executing command : report_drc -file mmio_subsystem_drc_opted.rpt -pb mmio_subsystem_drc_opted.pb -rpx mmio_subsystem_drc_opted.rpx
Command: report_drc -file mmio_subsystem_drc_opted.rpt -pb mmio_subsystem_drc_opted.pb -rpx mmio_subsystem_drc_opted.rpx
INFO: [IP_Flow 19-1839] IP Catalog is up to date.
INFO: [DRC 23-27] Running DRC with 8 threads
INFO: [Vivado_Tcl 2-168] The results of DRC are in file /home/wangjiakun/Development/emperor_soc/hardware/emperor.tmp/mmio_subsystem_v2_0_project/mmio_subsystem_v2_0_project.runs/impl_1/mmio_subsystem_drc_opted.rpt.
report_drc completed successfully
INFO: [Timing 38-480] Writing timing data to binary archive.
Wrote PlaceDB: Time (s): cpu = 00:00:00 ; elapsed = 00:00:00 . Memory (MB): peak = 2902.754 ; gain = 0.000 ; free physical = 3553 ; free virtual = 6481
Wrote PulsedLatchDB: Time (s): cpu = 00:00:00 ; elapsed = 00:00:00 . Memory (MB): peak = 2902.754 ; gain = 0.000 ; free physical = 3553 ; free virtual = 6481
Writing XDEF routing.
Write ShapeDB Complete: Time (s): cpu = 00:00:00 ; elapsed = 00:00:00 . Memory (MB): peak = 2902.754 ; gain = 0.000 ; free physical = 3553 ; free virtual = 6481
Writing XDEF routing logical nets.
Writing XDEF routing special nets.
Wrote RouteStorage: Time (s): cpu = 00:00:00.05 ; elapsed = 00:00:00.02 . Memory (MB): peak = 2902.754 ; gain = 0.000 ; free physical = 3552 ; free virtual = 6480
Wrote Netlist Cache: Time (s): cpu = 00:00:00 ; elapsed = 00:00:00 . Memory (MB): peak = 2902.754 ; gain = 0.000 ; free physical = 3552 ; free virtual = 6480
Wrote Device Cache: Time (s): cpu = 00:00:00.01 ; elapsed = 00:00:00 . Memory (MB): peak = 2902.754 ; gain = 0.000 ; free physical = 3552 ; free virtual = 6481
Write Physdb Complete: Time (s): cpu = 00:00:00.06 ; elapsed = 00:00:00.02 . Memory (MB): peak = 2902.754 ; gain = 0.000 ; free physical = 3552 ; free virtual = 6481
INFO: [Common 17-1381] The checkpoint '/home/wangjiakun/Development/emperor_soc/hardware/emperor.tmp/mmio_subsystem_v2_0_project/mmio_subsystem_v2_0_project.runs/impl_1/mmio_subsystem_opt.dcp' has been generated.
Command: place_design
Attempting to get a license for feature 'Implementation' and/or device 'xc7a200t'
INFO: [Common 17-349] Got license for feature 'Implementation' and/or device 'xc7a200t'
INFO: [Common 17-83] Releasing license: Implementation
INFO: [DRC 23-27] Running DRC with 8 threads
INFO: [Vivado_Tcl 4-198] DRC finished with 0 Errors
INFO: [Vivado_Tcl 4-199] Please refer to the DRC report (report_drc) for more information.
Running DRC as a precondition to command place_design
INFO: [DRC 23-27] Running DRC with 8 threads
INFO: [Vivado_Tcl 4-198] DRC finished with 0 Errors
INFO: [Vivado_Tcl 4-199] Please refer to the DRC report (report_drc) for more information.
INFO: [Place 30-611] Multithreading enabled for place_design using a maximum of 8 CPUs

Starting Placer Task

Phase 1 Placer Initialization

Phase 1.1 Placer Initialization Netlist Sorting
Netlist sorting complete. Time (s): cpu = 00:00:00 ; elapsed = 00:00:00 . Memory (MB): peak = 2926.332 ; gain = 0.000 ; free physical = 3487 ; free virtual = 6417
Phase 1.1 Placer Initialization Netlist Sorting | Checksum: 166df09d9

Time (s): cpu = 00:00:00 ; elapsed = 00:00:00.01 . Memory (MB): peak = 2926.332 ; gain = 0.000 ; free physical = 3487 ; free virtual = 6417
Netlist sorting complete. Time (s): cpu = 00:00:00 ; elapsed = 00:00:00 . Memory (MB): peak = 2926.332 ; gain = 0.000 ; free physical = 3487 ; free virtual = 6417

Phase 1.2 IO Placement/ Clock Placement/ Build Placer Device
INFO: [Timing 38-35] Done setting XDC timing constraints.
Phase 1.2 IO Placement/ Clock Placement/ Build Placer Device | Checksum: 14e034566

Time (s): cpu = 00:00:01 ; elapsed = 00:00:00.59 . Memory (MB): peak = 2926.332 ; gain = 0.000 ; free physical = 3482 ; free virtual = 6402

Phase 1.3 Build Placer Netlist Model
Phase 1.3 Build Placer Netlist Model | Checksum: 1e3ad90e6

Time (s): cpu = 00:00:01 ; elapsed = 00:00:00.67 . Memory (MB): peak = 2926.332 ; gain = 0.000 ; free physical = 3486 ; free virtual = 6407

Phase 1.4 Constrain Clocks/Macros
Phase 1.4 Constrain Clocks/Macros | Checksum: 1e3ad90e6

Time (s): cpu = 00:00:01 ; elapsed = 00:00:00.68 . Memory (MB): peak = 2926.332 ; gain = 0.000 ; free physical = 3486 ; free virtual = 6407
Phase 1 Placer Initialization | Checksum: 1e3ad90e6

Time (s): cpu = 00:00:01 ; elapsed = 00:00:00.68 . Memory (MB): peak = 2926.332 ; gain = 0.000 ; free physical = 3482 ; free virtual = 6403

Phase 2 Global Placement

Phase 2.1 Floorplanning
Phase 2.1 Floorplanning | Checksum: 1e3ad90e6

Time (s): cpu = 00:00:01 ; elapsed = 00:00:00.69 . Memory (MB): peak = 2926.332 ; gain = 0.000 ; free physical = 3482 ; free virtual = 6403

Phase 2.2 Update Timing before SLR Path Opt
Phase 2.2 Update Timing before SLR Path Opt | Checksum: 1e3ad90e6

Time (s): cpu = 00:00:01 ; elapsed = 00:00:00.69 . Memory (MB): peak = 2926.332 ; gain = 0.000 ; free physical = 3482 ; free virtual = 6403

Phase 2.3 Post-Processing in Floorplanning
Phase 2.3 Post-Processing in Floorplanning | Checksum: 1e3ad90e6

Time (s): cpu = 00:00:01 ; elapsed = 00:00:00.7 . Memory (MB): peak = 2926.332 ; gain = 0.000 ; free physical = 3482 ; free virtual = 6403

Phase 2.4 Global Place Phase1
Phase 2.4 Global Place Phase1 | Checksum: 17c207dd4

Time (s): cpu = 00:00:05 ; elapsed = 00:00:02 . Memory (MB): peak = 2964.344 ; gain = 38.012 ; free physical = 3522 ; free virtual = 6457

Phase 2.5 Global Place Phase2
WARNING: [Place 46-29] Timing had been disabled during Placer and, therefore, physical synthesis in Placer will be skipped.
Phase 2.5 Global Place Phase2 | Checksum: 1cffe2002

Time (s): cpu = 00:00:06 ; elapsed = 00:00:02 . Memory (MB): peak = 2964.344 ; gain = 38.012 ; free physical = 3521 ; free virtual = 6457
Phase 2 Global Placement | Checksum: 1cffe2002

Time (s): cpu = 00:00:06 ; elapsed = 00:00:02 . Memory (MB): peak = 2964.344 ; gain = 38.012 ; free physical = 3521 ; free virtual = 6457

Phase 3 Detail Placement

Phase 3.1 Commit Multi Column Macros
Phase 3.1 Commit Multi Column Macros | Checksum: 1cffe2002

Time (s): cpu = 00:00:06 ; elapsed = 00:00:02 . Memory (MB): peak = 2964.344 ; gain = 38.012 ; free physical = 3521 ; free virtual = 6457

Phase 3.2 Commit Most Macros & LUTRAMs
Phase 3.2 Commit Most Macros & LUTRAMs | Checksum: 271281952

Time (s): cpu = 00:00:06 ; elapsed = 00:00:02 . Memory (MB): peak = 2964.344 ; gain = 38.012 ; free physical = 3521 ; free virtual = 6457

Phase 3.3 Area Swap Optimization
Phase 3.3 Area Swap Optimization | Checksum: 2a43c8220

Time (s): cpu = 00:00:06 ; elapsed = 00:00:02 . Memory (MB): peak = 2964.344 ; gain = 38.012 ; free physical = 3521 ; free virtual = 6457

Phase 3.4 Pipeline Register Optimization
Phase 3.4 Pipeline Register Optimization | Checksum: 2a43c8220

Time (s): cpu = 00:00:06 ; elapsed = 00:00:02 . Memory (MB): peak = 2964.344 ; gain = 38.012 ; free physical = 3521 ; free virtual = 6457

Phase 3.5 Small Shape Detail Placement
Phase 3.5 Small Shape Detail Placement | Checksum: 26dbe8820

Time (s): cpu = 00:00:07 ; elapsed = 00:00:02 . Memory (MB): peak = 2964.344 ; gain = 38.012 ; free physical = 3508 ; free virtual = 6445

Phase 3.6 Re-assign LUT pins
Phase 3.6 Re-assign LUT pins | Checksum: 26dbe8820

Time (s): cpu = 00:00:07 ; elapsed = 00:00:02 . Memory (MB): peak = 2964.344 ; gain = 38.012 ; free physical = 3508 ; free virtual = 6445

Phase 3.7 Pipeline Register Optimization
Phase 3.7 Pipeline Register Optimization | Checksum: 26dbe8820

Time (s): cpu = 00:00:07 ; elapsed = 00:00:02 . Memory (MB): peak = 2964.344 ; gain = 38.012 ; free physical = 3508 ; free virtual = 6445
Phase 3 Detail Placement | Checksum: 26dbe8820

Time (s): cpu = 00:00:07 ; elapsed = 00:00:02 . Memory (MB): peak = 2964.344 ; gain = 38.012 ; free physical = 3508 ; free virtual = 6445

Phase 4 Post Placement Optimization and Clean-Up

Phase 4.1 Post Commit Optimization
Phase 4.1 Post Commit Optimization | Checksum: 26dbe8820

Time (s): cpu = 00:00:07 ; elapsed = 00:00:02 . Memory (MB): peak = 2964.344 ; gain = 38.012 ; free physical = 3508 ; free virtual = 6445

Phase 4.2 Post Placement Cleanup
Phase 4.2 Post Placement Cleanup | Checksum: 26dbe8820

Time (s): cpu = 00:00:07 ; elapsed = 00:00:02 . Memory (MB): peak = 2964.344 ; gain = 38.012 ; free physical = 3508 ; free virtual = 6445

Phase 4.3 Placer Reporting

Phase 4.3.1 Print Estimated Congestion
INFO: [Place 30-612] Post-Placement Estimated Congestion 
 ____________________________________________________
|           | Global Congestion | Short Congestion  |
| Direction | Region Size       | Region Size       |
|___________|___________________|___________________|
|      North|                1x1|                1x1|
|___________|___________________|___________________|
|      South|                1x1|                1x1|
|___________|___________________|___________________|
|       East|                1x1|                1x1|
|___________|___________________|___________________|
|       West|                1x1|                1x1|
|___________|___________________|___________________|

Phase 4.3.1 Print Estimated Congestion | Checksum: 26dbe8820

Time (s): cpu = 00:00:07 ; elapsed = 00:00:02 . Memory (MB): peak = 2964.344 ; gain = 38.012 ; free physical = 3508 ; free virtual = 6445
Phase 4.3 Placer Reporting | Checksum: 26dbe8820

Time (s): cpu = 00:00:07 ; elapsed = 00:00:02 . Memory (MB): peak = 2964.344 ; gain = 38.012 ; free physical = 3508 ; free virtual = 6445

Phase 4.4 Final Placement Cleanup
Netlist sorting complete. Time (s): cpu = 00:00:00 ; elapsed = 00:00:00 . Memory (MB): peak = 2964.344 ; gain = 0.000 ; free physical = 3508 ; free virtual = 6445

Time (s): cpu = 00:00:07 ; elapsed = 00:00:02 . Memory (MB): peak = 2964.344 ; gain = 38.012 ; free physical = 3508 ; free virtual = 6445
Phase 4 Post Placement Optimization and Clean-Up | Checksum: 2c54472b6

Time (s): cpu = 00:00:07 ; elapsed = 00:00:02 . Memory (MB): peak = 2964.344 ; gain = 38.012 ; free physical = 3508 ; free virtual = 6445
Ending Placer Task | Checksum: 2470568b4

Time (s): cpu = 00:00:07 ; elapsed = 00:00:02 . Memory (MB): peak = 2964.344 ; gain = 38.012 ; free physical = 3508 ; free virtual = 6445
47 Infos, 1 Warnings, 0 Critical Warnings and 0 Errors encountered.
place_design completed successfully
INFO: [Vivado 12-24838] Running report commands "report_control_sets, report_io, report_utilization" in parallel.
Running report generation with 3 threads.
INFO: [Vivado 12-24828] Executing command : report_control_sets -verbose -file mmio_subsystem_control_sets_placed.rpt
report_control_sets: Time (s): cpu = 00:00:00.04 ; elapsed = 00:00:00.06 . Memory (MB): peak = 2964.344 ; gain = 0.000 ; free physical = 3480 ; free virtual = 6417
INFO: [Vivado 12-24828] Executing command : report_utilization -file mmio_subsystem_utilization_placed.rpt -pb mmio_subsystem_utilization_placed.pb
INFO: [Vivado 12-24828] Executing command : report_io -file mmio_subsystem_io_placed.rpt
report_io: Time (s): cpu = 00:00:00.21 ; elapsed = 00:00:00.22 . Memory (MB): peak = 2964.344 ; gain = 0.000 ; free physical = 3503 ; free virtual = 6426
INFO: [Timing 38-480] Writing timing data to binary archive.
Write ShapeDB Complete: Time (s): cpu = 00:00:00 ; elapsed = 00:00:00 . Memory (MB): peak = 2964.344 ; gain = 0.000 ; free physical = 3503 ; free virtual = 6426
Wrote PlaceDB: Time (s): cpu = 00:00:00.1 ; elapsed = 00:00:00.03 . Memory (MB): peak = 2964.344 ; gain = 0.000 ; free physical = 3503 ; free virtual = 6427
Wrote PulsedLatchDB: Time (s): cpu = 00:00:00 ; elapsed = 00:00:00 . Memory (MB): peak = 2964.344 ; gain = 0.000 ; free physical = 3503 ; free virtual = 6427
Writing XDEF routing.
Writing XDEF routing logical nets.
Writing XDEF routing special nets.
Wrote RouteStorage: Time (s): cpu = 00:00:00.01 ; elapsed = 00:00:00.01 . Memory (MB): peak = 2964.344 ; gain = 0.000 ; free physical = 3503 ; free virtual = 6427
Wrote Netlist Cache: Time (s): cpu = 00:00:00 ; elapsed = 00:00:00 . Memory (MB): peak = 2964.344 ; gain = 0.000 ; free physical = 3503 ; free virtual = 6427
Wrote Device Cache: Time (s): cpu = 00:00:00.01 ; elapsed = 00:00:00 . Memory (MB): peak = 2964.344 ; gain = 0.000 ; free physical = 3503 ; free virtual = 6428
Write Physdb Complete: Time (s): cpu = 00:00:00.12 ; elapsed = 00:00:00.04 . Memory (MB): peak = 2964.344 ; gain = 0.000 ; free physical = 3503 ; free virtual = 6428
INFO: [Common 17-1381] The checkpoint '/home/wangjiakun/Development/emperor_soc/hardware/emperor.tmp/mmio_subsystem_v2_0_project/mmio_subsystem_v2_0_project.runs/impl_1/mmio_subsystem_placed.dcp' has been generated.
Command: phys_opt_design
Attempting to get a license for feature 'Implementation' and/or device 'xc7a200t'
INFO: [Common 17-349] Got license for feature 'Implementation' and/or device 'xc7a200t'

Starting Initial Update Timing Task

Time (s): cpu = 00:00:00.03 ; elapsed = 00:00:00.03 . Memory (MB): peak = 2964.344 ; gain = 0.000 ; free physical = 3501 ; free virtual = 6426
INFO: [Vivado_Tcl 4-235] No timing constraint found. The netlist was not modified.
INFO: [Common 17-83] Releasing license: Implementation
56 Infos, 1 Warnings, 0 Critical Warnings and 0 Errors encountered.
phys_opt_design completed successfully
INFO: [Timing 38-480] Writing timing data to binary archive.
Write ShapeDB Complete: Time (s): cpu = 00:00:00.01 ; elapsed = 00:00:00 . Memory (MB): peak = 2964.344 ; gain = 0.000 ; free physical = 3501 ; free virtual = 6425
Wrote PlaceDB: Time (s): cpu = 00:00:00.09 ; elapsed = 00:00:00.03 . Memory (MB): peak = 2964.344 ; gain = 0.000 ; free physical = 3501 ; free virtual = 6426
Wrote PulsedLatchDB: Time (s): cpu = 00:00:00 ; elapsed = 00:00:00 . Memory (MB): peak = 2964.344 ; gain = 0.000 ; free physical = 3501 ; free virtual = 6426
Writing XDEF routing.
Writing XDEF routing logical nets.
Writing XDEF routing special nets.
Wrote RouteStorage: Time (s): cpu = 00:00:00.02 ; elapsed = 00:00:00.01 . Memory (MB): peak = 2964.344 ; gain = 0.000 ; free physical = 3501 ; free virtual = 6426
Wrote Netlist Cache: Time (s): cpu = 00:00:00 ; elapsed = 00:00:00 . Memory (MB): peak = 2964.344 ; gain = 0.000 ; free physical = 3501 ; free virtual = 6426
Wrote Device Cache: Time (s): cpu = 00:00:00.01 ; elapsed = 00:00:00 . Memory (MB): peak = 2964.344 ; gain = 0.000 ; free physical = 3500 ; free virtual = 6426
Write Physdb Complete: Time (s): cpu = 00:00:00.12 ; elapsed = 00:00:00.04 . Memory (MB): peak = 2964.344 ; gain = 0.000 ; free physical = 3500 ; free virtual = 6426
INFO: [Common 17-1381] The checkpoint '/home/wangjiakun/Development/emperor_soc/hardware/emperor.tmp/mmio_subsystem_v2_0_project/mmio_subsystem_v2_0_project.runs/impl_1/mmio_subsystem_physopt.dcp' has been generated.
Command: route_design
Attempting to get a license for feature 'Implementation' and/or device 'xc7a200t'
INFO: [Common 17-349] Got license for feature 'Implementation' and/or device 'xc7a200t'


Starting Routing Task
INFO: [Route 35-254] Multithreading enabled for route_design using a maximum of 8 CPUs

Phase 1 Build RT Design
Checksum: PlaceDB: d0bfc9b7 ConstDB: 0 ShapeSum: de2ab399 RouteDB: 981aeb64
Post Restoration Checksum: NetGraph: 9c7a39c8 | NumContArr: f21d9342 | Constraints: c2a8fa9d | Timing: c2a8fa9d
Phase 1 Build RT Design | Checksum: 313e9c244

Time (s): cpu = 00:00:35 ; elapsed = 00:00:30 . Memory (MB): peak = 3139.039 ; gain = 174.695 ; free physical = 3287 ; free virtual = 6213

Phase 2 Router Initialization
INFO: [Route 35-64] No timing constraints were detected. The router will operate in resource-optimization mode.

Phase 2.1 Fix Topology Constraints
Phase 2.1 Fix Topology Constraints | Checksum: 313e9c244

Time (s): cpu = 00:00:35 ; elapsed = 00:00:30 . Memory (MB): peak = 3177.039 ; gain = 212.695 ; free physical = 3248 ; free virtual = 6174

Phase 2.2 Pre Route Cleanup
Phase 2.2 Pre Route Cleanup | Checksum: 313e9c244

Time (s): cpu = 00:00:35 ; elapsed = 00:00:30 . Memory (MB): peak = 3177.039 ; gain = 212.695 ; free physical = 3248 ; free virtual = 6175
 Number of Nodes with overlaps = 0

Router Utilization Summary
  Global Vertical Routing Utilization    = 0 %
  Global Horizontal Routing Utilization  = 0 %
  Routable Net Status*
  *Does not include unroutable nets such as driverless and loadless.
  Run report_route_status for detailed report.
  Number of Failed Nets               = 1129
    (Failed Nets is the sum of unrouted and partially routed nets)
  Number of Unrouted Nets             = 1129
  Number of Partially Routed Nets     = 0
  Number of Node Overlaps             = 0

Phase 2 Router Initialization | Checksum: 2b64f5ffa

Time (s): cpu = 00:00:37 ; elapsed = 00:00:30 . Memory (MB): peak = 3256.883 ; gain = 292.539 ; free physical = 3147 ; free virtual = 6087

Phase 3 Global Routing
Phase 3 Global Routing | Checksum: 2b64f5ffa

Time (s): cpu = 00:00:37 ; elapsed = 00:00:30 . Memory (MB): peak = 3256.883 ; gain = 292.539 ; free physical = 3147 ; free virtual = 6087

Phase 4 Initial Routing

Phase 4.1 Initial Net Routing Pass
Phase 4.1 Initial Net Routing Pass | Checksum: 23ab763cf

Time (s): cpu = 00:00:37 ; elapsed = 00:00:30 . Memory (MB): peak = 3256.883 ; gain = 292.539 ; free physical = 3147 ; free virtual = 6087
Phase 4 Initial Routing | Checksum: 23ab763cf

Time (s): cpu = 00:00:37 ; elapsed = 00:00:30 . Memory (MB): peak = 3256.883 ; gain = 292.539 ; free physical = 3147 ; free virtual = 6087

Phase 5 Rip-up And Reroute

Phase 5.1 Global Iteration 0
 Number of Nodes with overlaps = 79
 Number of Nodes with overlaps = 0
Phase 5.1 Global Iteration 0 | Checksum: 25e943dcf

Time (s): cpu = 00:00:37 ; elapsed = 00:00:31 . Memory (MB): peak = 3256.883 ; gain = 292.539 ; free physical = 3154 ; free virtual = 6094
Phase 5 Rip-up And Reroute | Checksum: 25e943dcf

Time (s): cpu = 00:00:37 ; elapsed = 00:00:31 . Memory (MB): peak = 3256.883 ; gain = 292.539 ; free physical = 3154 ; free virtual = 6094

Phase 6 Delay and Skew Optimization
Phase 6 Delay and Skew Optimization | Checksum: 25e943dcf

Time (s): cpu = 00:00:37 ; elapsed = 00:00:31 . Memory (MB): peak = 3256.883 ; gain = 292.539 ; free physical = 3154 ; free virtual = 6094

Phase 7 Post Hold Fix

Phase 7.1 Hold Fix Iter
Phase 7.1 Hold Fix Iter | Checksum: 25e943dcf

Time (s): cpu = 00:00:37 ; elapsed = 00:00:31 . Memory (MB): peak = 3256.883 ; gain = 292.539 ; free physical = 3154 ; free virtual = 6094
Phase 7 Post Hold Fix | Checksum: 25e943dcf

Time (s): cpu = 00:00:37 ; elapsed = 00:00:31 . Memory (MB): peak = 3256.883 ; gain = 292.539 ; free physical = 3154 ; free virtual = 6094

Phase 8 Route finalize

Router Utilization Summary
  Global Vertical Routing Utilization    = 0.182387 %
  Global Horizontal Routing Utilization  = 0.384071 %
  Routable Net Status*
  *Does not include unroutable nets such as driverless and loadless.
  Run report_route_status for detailed report.
  Number of Failed Nets               = 0
    (Failed Nets is the sum of unrouted and partially routed nets)
  Number of Unrouted Nets             = 0
  Number of Partially Routed Nets     = 0
  Number of Node Overlaps             = 0


--GLOBAL Congestion:
Utilization threshold used for congestion level computation: 0.85
Congestion Report
North Dir 1x1 Area, Max Cong = 26.1261%, No Congested Regions.
South Dir 1x1 Area, Max Cong = 39.6396%, No Congested Regions.
East Dir 1x1 Area, Max Cong = 30.8824%, No Congested Regions.
West Dir 1x1 Area, Max Cong = 29.4118%, No Congested Regions.

------------------------------
Reporting congestion hotspots
------------------------------
Direction: North
----------------
Congested clusters found at Level 0
Effective congestion level: 0 Aspect Ratio: 1 Sparse Ratio: 0
Direction: South
----------------
Congested clusters found at Level 0
Effective congestion level: 0 Aspect Ratio: 1 Sparse Ratio: 0
Direction: East
----------------
Congested clusters found at Level 0
Effective congestion level: 0 Aspect Ratio: 1 Sparse Ratio: 0
Direction: West
----------------
Congested clusters found at Level 0
Effective congestion level: 0 Aspect Ratio: 1 Sparse Ratio: 0

Phase 8 Route finalize | Checksum: 25e943dcf

Time (s): cpu = 00:00:38 ; elapsed = 00:00:31 . Memory (MB): peak = 3256.883 ; gain = 292.539 ; free physical = 3154 ; free virtual = 6094

Phase 9 Verifying routed nets

 Verification completed successfully
Phase 9 Verifying routed nets | Checksum: 25e943dcf

Time (s): cpu = 00:00:38 ; elapsed = 00:00:31 . Memory (MB): peak = 3256.883 ; gain = 292.539 ; free physical = 3154 ; free virtual = 6094

Phase 10 Depositing Routes
Phase 10 Depositing Routes | Checksum: 25699a6b6

Time (s): cpu = 00:00:38 ; elapsed = 00:00:31 . Memory (MB): peak = 3256.883 ; gain = 292.539 ; free physical = 3154 ; free virtual = 6094

Phase 11 Post Process Routing
Phase 11 Post Process Routing | Checksum: 25699a6b6

Time (s): cpu = 00:00:38 ; elapsed = 00:00:31 . Memory (MB): peak = 3256.883 ; gain = 292.539 ; free physical = 3154 ; free virtual = 6094
Total Elapsed time in route_design: 30.73 secs

Phase 12 Post-Route Event Processing
Phase 12 Post-Route Event Processing | Checksum: 2185986ee

Time (s): cpu = 00:00:38 ; elapsed = 00:00:31 . Memory (MB): peak = 3256.883 ; gain = 292.539 ; free physical = 3157 ; free virtual = 6097
INFO: [Route 35-16] Router Completed Successfully
Ending Routing Task | Checksum: 2185986ee

Time (s): cpu = 00:00:38 ; elapsed = 00:00:31 . Memory (MB): peak = 3256.883 ; gain = 292.539 ; free physical = 3157 ; free virtual = 6097

Routing Is Done.
INFO: [Common 17-83] Releasing license: Implementation
63 Infos, 1 Warnings, 0 Critical Warnings and 0 Errors encountered.
route_design completed successfully
route_design: Time (s): cpu = 00:00:38 ; elapsed = 00:00:31 . Memory (MB): peak = 3256.883 ; gain = 292.539 ; free physical = 3157 ; free virtual = 6097
INFO: [Vivado 12-24828] Executing command : report_drc -file mmio_subsystem_drc_routed.rpt -pb mmio_subsystem_drc_routed.pb -rpx mmio_subsystem_drc_routed.rpx
Command: report_drc -file mmio_subsystem_drc_routed.rpt -pb mmio_subsystem_drc_routed.pb -rpx mmio_subsystem_drc_routed.rpx
INFO: [IP_Flow 19-1839] IP Catalog is up to date.
INFO: [DRC 23-27] Running DRC with 8 threads
INFO: [Vivado_Tcl 2-168] The results of DRC are in file /home/wangjiakun/Development/emperor_soc/hardware/emperor.tmp/mmio_subsystem_v2_0_project/mmio_subsystem_v2_0_project.runs/impl_1/mmio_subsystem_drc_routed.rpt.
report_drc completed successfully
INFO: [Vivado 12-24828] Executing command : report_methodology -file mmio_subsystem_methodology_drc_routed.rpt -pb mmio_subsystem_methodology_drc_routed.pb -rpx mmio_subsystem_methodology_drc_routed.rpx
Command: report_methodology -file mmio_subsystem_methodology_drc_routed.rpt -pb mmio_subsystem_methodology_drc_routed.pb -rpx mmio_subsystem_methodology_drc_routed.rpx
INFO: [Timing 38-35] Done setting XDC timing constraints.
INFO: [DRC 23-133] Running Methodology with 8 threads
INFO: [Vivado_Tcl 2-1520] The results of Report Methodology are in file /home/wangjiakun/Development/emperor_soc/hardware/emperor.tmp/mmio_subsystem_v2_0_project/mmio_subsystem_v2_0_project.runs/impl_1/mmio_subsystem_methodology_drc_routed.rpt.
report_methodology completed successfully
INFO: [Vivado 12-24828] Executing command : report_timing_summary -max_paths 10 -report_unconstrained -file mmio_subsystem_timing_summary_routed.rpt -pb mmio_subsystem_timing_summary_routed.pb -rpx mmio_subsystem_timing_summary_routed.rpx -warn_on_violation 
INFO: [Timing 38-35] Done setting XDC timing constraints.
INFO: [Timing 38-91] UpdateTimingParams: Speed grade: -2, Delay Type: min_max.
INFO: [Timing 38-191] Multithreading enabled for timing update using a maximum of 8 CPUs
WARNING: [Timing 38-313] There are no user specified timing constraints. Timing constraints are needed for proper timing analysis.
INFO: [Vivado 12-24838] Running report commands "report_bus_skew, report_incremental_reuse, report_route_status" in parallel.
Running report generation with 3 threads.
INFO: [Vivado 12-24828] Executing command : report_route_status -file mmio_subsystem_route_status.rpt -pb mmio_subsystem_route_status.pb
INFO: [Vivado 12-24828] Executing command : report_incremental_reuse -file mmio_subsystem_incremental_reuse_routed.rpt
INFO: [Vivado_Tcl 4-1062] Incremental flow is disabled. No incremental reuse Info to report.
INFO: [Vivado 12-24828] Executing command : report_bus_skew -warn_on_violation -file mmio_subsystem_bus_skew_routed.rpt -pb mmio_subsystem_bus_skew_routed.pb -rpx mmio_subsystem_bus_skew_routed.rpx
INFO: [Timing 38-91] UpdateTimingParams: Speed grade: -2, Delay Type: min_max.
INFO: [Timing 38-191] Multithreading enabled for timing update using a maximum of 8 CPUs
INFO: [Vivado 12-24828] Executing command : report_power -file mmio_subsystem_power_routed.rpt -pb mmio_subsystem_power_summary_routed.pb -rpx mmio_subsystem_power_routed.rpx
Command: report_power -file mmio_subsystem_power_routed.rpt -pb mmio_subsystem_power_summary_routed.pb -rpx mmio_subsystem_power_routed.rpx
WARNING: [Power 33-232] No user defined clocks were found in the design! Power estimation will be inaccurate until this is corrected.
Resolution: Please specify clocks using create_clock/create_generated_clock for sequential elements. For pure combinatorial circuits, please specify a virtual clock, otherwise the vectorless estimation might be inaccurate
Running Vector-less Activity Propagation...

Finished Running Vector-less Activity Propagation
83 Infos, 3 Warnings, 0 Critical Warnings and 0 Errors encountered.
report_power completed successfully
INFO: [Vivado 12-24828] Executing command : report_clock_utilization -file mmio_subsystem_clock_utilization_routed.rpt
INFO: [Timing 38-480] Writing timing data to binary archive.
Write ShapeDB Complete: Time (s): cpu = 00:00:00.01 ; elapsed = 00:00:00 . Memory (MB): peak = 3350.500 ; gain = 0.000 ; free physical = 3118 ; free virtual = 6061
Wrote PlaceDB: Time (s): cpu = 00:00:00.1 ; elapsed = 00:00:00.03 . Memory (MB): peak = 3350.500 ; gain = 0.000 ; free physical = 3117 ; free virtual = 6060
Wrote PulsedLatchDB: Time (s): cpu = 00:00:00 ; elapsed = 00:00:00 . Memory (MB): peak = 3350.500 ; gain = 0.000 ; free physical = 3117 ; free virtual = 6060
Writing XDEF routing.
Writing XDEF routing logical nets.
Writing XDEF routing special nets.
Wrote RouteStorage: Time (s): cpu = 00:00:00.04 ; elapsed = 00:00:00.02 . Memory (MB): peak = 3350.500 ; gain = 0.000 ; free physical = 3117 ; free virtual = 6061
Wrote Netlist Cache: Time (s): cpu = 00:00:00 ; elapsed = 00:00:00 . Memory (MB): peak = 3350.500 ; gain = 0.000 ; free physical = 3117 ; free virtual = 6061
Wrote Device Cache: Time (s): cpu = 00:00:00.01 ; elapsed = 00:00:00 . Memory (MB): peak = 3350.500 ; gain = 0.000 ; free physical = 3117 ; free virtual = 6061
Write Physdb Complete: Time (s): cpu = 00:00:00.15 ; elapsed = 00:00:00.05 . Memory (MB): peak = 3350.500 ; gain = 0.000 ; free physical = 3117 ; free virtual = 6061
INFO: [Common 17-1381] The checkpoint '/home/wangjiakun/Development/emperor_soc/hardware/emperor.tmp/mmio_subsystem_v2_0_project/mmio_subsystem_v2_0_project.runs/impl_1/mmio_subsystem_routed.dcp' has been generated.
INFO: [Common 17-206] Exiting Vivado at Wed Aug 13 13:32:12 2025...
