
*** Running vivado
    with args -log top_clk_wiz_2.vds -m64 -product Vivado -mode batch -messageDb vivado.pb -notrace -source top_clk_wiz_2.tcl

WARNING: Default location for XILINX_HLS not found

****** Vivado v2024.2 (64-bit)
  **** SW Build 5239630 on Fri Nov 08 22:34:34 MST 2024
  **** IP Build 5239520 on Sun Nov 10 16:12:51 MST 2024
  **** SharedData Build 5239561 on Fri Nov 08 14:39:27 MST 2024
  **** Start of session at: Thu Aug 14 21:41:09 2025
    ** Copyright 1986-2022 Xilinx, Inc. All Rights Reserved.
    ** Copyright 2022-2024 Advanced Micro Devices, Inc. All Rights Reserved.

source top_clk_wiz_2.tcl -notrace
INFO: [IP_Flow 19-234] Refreshing IP repositories
INFO: [IP_Flow 19-1700] Loaded user IP repository '/home/wangjiakun/Development/emperor_soc/hardware/subsystems/mmio'.
INFO: [IP_Flow 19-2313] Loaded Vivado IP repository '/tools/Xilinx/Vivado/2024.2/data/ip'.
INFO: [IP_Flow 19-6924] IPCACHE: Running cache check for IP inst: top_clk_wiz_2
Command: synth_design -top top_clk_wiz_2 -part xc7a200tfbg676-2 -incremental_mode off -mode out_of_context
Starting synth_design
Attempting to get a license for feature 'Synthesis' and/or device 'xc7a200t'
INFO: [Common 17-349] Got license for feature 'Synthesis' and/or device 'xc7a200t'
INFO: [Device 21-403] Loading part xc7a200tfbg676-2
INFO: [Synth 8-7079] Multithreading enabled for synth_design using a maximum of 7 processes.
INFO: [Synth 8-7078] Launching helper process for spawning children vivado processes
INFO: [Synth 8-7075] Helper process launched with PID 75367
---------------------------------------------------------------------------------
Starting RTL Elaboration : Time (s): cpu = 00:00:03 ; elapsed = 00:00:03 . Memory (MB): peak = 2157.676 ; gain = 422.766 ; free physical = 419 ; free virtual = 8386
---------------------------------------------------------------------------------
INFO: [Synth 8-6157] synthesizing module 'top_clk_wiz_2' [/home/wangjiakun/Development/emperor_soc/hardware/emperor.gen/sources_1/bd/top/ip/top_clk_wiz_2/top_clk_wiz_2.v:65]
INFO: [Synth 8-6157] synthesizing module 'top_clk_wiz_2_clk_wiz' [/home/wangjiakun/Development/emperor_soc/hardware/emperor.gen/sources_1/bd/top/ip/top_clk_wiz_2/top_clk_wiz_2_clk_wiz.v:65]
INFO: [Synth 8-6157] synthesizing module 'IBUFDS' [/tools/Xilinx/Vivado/2024.2/scripts/rt/data/unisim_comp.v:75840]
INFO: [Synth 8-6155] done synthesizing module 'IBUFDS' (0#1) [/tools/Xilinx/Vivado/2024.2/scripts/rt/data/unisim_comp.v:75840]
INFO: [Synth 8-6157] synthesizing module 'MMCME2_ADV' [/tools/Xilinx/Vivado/2024.2/scripts/rt/data/unisim_comp.v:84588]
	Parameter BANDWIDTH bound to: OPTIMIZED - type: string 
	Parameter CLKFBOUT_MULT_F bound to: 5.000000 - type: double 
	Parameter CLKFBOUT_PHASE bound to: 0.000000 - type: double 
	Parameter CLKFBOUT_USE_FINE_PS bound to: FALSE - type: string 
	Parameter CLKIN1_PERIOD bound to: 5.000000 - type: double 
	Parameter CLKOUT0_DIVIDE_F bound to: 10.000000 - type: double 
	Parameter CLKOUT0_DUTY_CYCLE bound to: 0.500000 - type: double 
	Parameter CLKOUT0_PHASE bound to: 0.000000 - type: double 
	Parameter CLKOUT0_USE_FINE_PS bound to: FALSE - type: string 
	Parameter CLKOUT4_CASCADE bound to: FALSE - type: string 
	Parameter COMPENSATION bound to: ZHOLD - type: string 
	Parameter DIVCLK_DIVIDE bound to: 1 - type: integer 
	Parameter STARTUP_WAIT bound to: FALSE - type: string 
INFO: [Synth 8-6155] done synthesizing module 'MMCME2_ADV' (0#1) [/tools/Xilinx/Vivado/2024.2/scripts/rt/data/unisim_comp.v:84588]
INFO: [Synth 8-6157] synthesizing module 'BUFG' [/tools/Xilinx/Vivado/2024.2/scripts/rt/data/unisim_comp.v:2676]
INFO: [Synth 8-6155] done synthesizing module 'BUFG' (0#1) [/tools/Xilinx/Vivado/2024.2/scripts/rt/data/unisim_comp.v:2676]
INFO: [Synth 8-6155] done synthesizing module 'top_clk_wiz_2_clk_wiz' (0#1) [/home/wangjiakun/Development/emperor_soc/hardware/emperor.gen/sources_1/bd/top/ip/top_clk_wiz_2/top_clk_wiz_2_clk_wiz.v:65]
INFO: [Synth 8-6155] done synthesizing module 'top_clk_wiz_2' (0#1) [/home/wangjiakun/Development/emperor_soc/hardware/emperor.gen/sources_1/bd/top/ip/top_clk_wiz_2/top_clk_wiz_2.v:65]
---------------------------------------------------------------------------------
Finished RTL Elaboration : Time (s): cpu = 00:00:04 ; elapsed = 00:00:04 . Memory (MB): peak = 2229.645 ; gain = 494.734 ; free physical = 440 ; free virtual = 7767
---------------------------------------------------------------------------------
---------------------------------------------------------------------------------
Start Handling Custom Attributes
---------------------------------------------------------------------------------
---------------------------------------------------------------------------------
Finished Handling Custom Attributes : Time (s): cpu = 00:00:04 ; elapsed = 00:00:04 . Memory (MB): peak = 2247.457 ; gain = 512.547 ; free physical = 439 ; free virtual = 7766
---------------------------------------------------------------------------------
---------------------------------------------------------------------------------
Finished RTL Optimization Phase 1 : Time (s): cpu = 00:00:04 ; elapsed = 00:00:04 . Memory (MB): peak = 2247.457 ; gain = 512.547 ; free physical = 439 ; free virtual = 7766
---------------------------------------------------------------------------------
Netlist sorting complete. Time (s): cpu = 00:00:00 ; elapsed = 00:00:00 . Memory (MB): peak = 2253.395 ; gain = 0.000 ; free physical = 436 ; free virtual = 7763
INFO: [Netlist 29-17] Analyzing 2 Unisim elements for replacement
INFO: [Netlist 29-28] Unisim Transformation completed in 0 CPU seconds
INFO: [Project 1-570] Preparing netlist for logic optimization

Processing XDC Constraints
Initializing timing engine
Parsing XDC File [/home/wangjiakun/Development/emperor_soc/hardware/emperor.gen/sources_1/bd/top/ip/top_clk_wiz_2/top_clk_wiz_2_ooc.xdc] for cell 'inst'
Finished Parsing XDC File [/home/wangjiakun/Development/emperor_soc/hardware/emperor.gen/sources_1/bd/top/ip/top_clk_wiz_2/top_clk_wiz_2_ooc.xdc] for cell 'inst'
Parsing XDC File [/home/wangjiakun/Development/emperor_soc/hardware/emperor.gen/sources_1/bd/top/ip/top_clk_wiz_2/top_clk_wiz_2_board.xdc] for cell 'inst'
Finished Parsing XDC File [/home/wangjiakun/Development/emperor_soc/hardware/emperor.gen/sources_1/bd/top/ip/top_clk_wiz_2/top_clk_wiz_2_board.xdc] for cell 'inst'
Parsing XDC File [/home/wangjiakun/Development/emperor_soc/hardware/emperor.gen/sources_1/bd/top/ip/top_clk_wiz_2/top_clk_wiz_2.xdc] for cell 'inst'
Finished Parsing XDC File [/home/wangjiakun/Development/emperor_soc/hardware/emperor.gen/sources_1/bd/top/ip/top_clk_wiz_2/top_clk_wiz_2.xdc] for cell 'inst'
INFO: [Project 1-236] Implementation specific constraints were found while reading constraint file [/home/wangjiakun/Development/emperor_soc/hardware/emperor.gen/sources_1/bd/top/ip/top_clk_wiz_2/top_clk_wiz_2.xdc]. These constraints will be ignored for synthesis but will be used in implementation. Impacted constraints are listed in the file [.Xil/top_clk_wiz_2_propImpl.xdc].
Resolution: To avoid this warning, move constraints listed in [.Xil/top_clk_wiz_2_propImpl.xdc] to another XDC file and exclude this new file from synthesis with the used_in_synthesis property (File Properties dialog in GUI) and re-run elaboration/synthesis.
INFO: [Timing 38-2] Deriving generated clocks
Parsing XDC File [/home/wangjiakun/Development/emperor_soc/hardware/emperor.runs/top_clk_wiz_2_synth_1/dont_touch.xdc]
Finished Parsing XDC File [/home/wangjiakun/Development/emperor_soc/hardware/emperor.runs/top_clk_wiz_2_synth_1/dont_touch.xdc]
Completed Processing XDC Constraints

Netlist sorting complete. Time (s): cpu = 00:00:00 ; elapsed = 00:00:00 . Memory (MB): peak = 2317.426 ; gain = 0.000 ; free physical = 1086 ; free virtual = 6691
INFO: [Project 1-111] Unisim Transformation Summary:
No Unisim elements were transformed.

Constraint Validation Runtime : Time (s): cpu = 00:00:00.01 ; elapsed = 00:00:00.01 . Memory (MB): peak = 2317.426 ; gain = 0.000 ; free physical = 1037 ; free virtual = 6641
INFO: [Designutils 20-5008] Incremental synthesis strategy off
---------------------------------------------------------------------------------
Finished Constraint Validation : Time (s): cpu = 00:00:08 ; elapsed = 00:00:09 . Memory (MB): peak = 2317.426 ; gain = 582.516 ; free physical = 680 ; free virtual = 6321
---------------------------------------------------------------------------------
---------------------------------------------------------------------------------
Start Loading Part and Timing Information
---------------------------------------------------------------------------------
Loading part: xc7a200tfbg676-2
---------------------------------------------------------------------------------
Finished Loading Part and Timing Information : Time (s): cpu = 00:00:08 ; elapsed = 00:00:09 . Memory (MB): peak = 2325.430 ; gain = 590.520 ; free physical = 680 ; free virtual = 6321
---------------------------------------------------------------------------------
---------------------------------------------------------------------------------
Start Applying 'set_property' XDC Constraints
---------------------------------------------------------------------------------
Applied set_property keep_hierarchy = soft for inst. (constraint file  /home/wangjiakun/Development/emperor_soc/hardware/emperor.gen/sources_1/bd/top/ip/top_clk_wiz_2/top_clk_wiz_2.xdc, line 53).
Applied set_property KEEP_HIERARCHY = SOFT for inst. (constraint file  /home/wangjiakun/Development/emperor_soc/hardware/emperor.runs/top_clk_wiz_2_synth_1/dont_touch.xdc, line 9).
Applied set_property KEEP = true for clk_in1_n. (constraint file  auto generated constraint).
Applied set_property KEEP = true for clk_in1_p. (constraint file  auto generated constraint).
Applied set_property KEEP = true for reset. (constraint file  auto generated constraint).
---------------------------------------------------------------------------------
Finished applying 'set_property' XDC Constraints : Time (s): cpu = 00:00:08 ; elapsed = 00:00:09 . Memory (MB): peak = 2325.430 ; gain = 590.520 ; free physical = 679 ; free virtual = 6320
---------------------------------------------------------------------------------
---------------------------------------------------------------------------------
Finished RTL Optimization Phase 2 : Time (s): cpu = 00:00:08 ; elapsed = 00:00:09 . Memory (MB): peak = 2325.430 ; gain = 590.520 ; free physical = 656 ; free virtual = 6315
---------------------------------------------------------------------------------
---------------------------------------------------------------------------------
Start RTL Component Statistics 
---------------------------------------------------------------------------------
Detailed RTL Component Info : 
---------------------------------------------------------------------------------
Finished RTL Component Statistics 
---------------------------------------------------------------------------------
---------------------------------------------------------------------------------
Start Part Resource Summary
---------------------------------------------------------------------------------
Part Resources:
DSPs: 740 (col length:100)
BRAMs: 730 (col length: RAMB18 100 RAMB36 50)
---------------------------------------------------------------------------------
Finished Part Resource Summary
---------------------------------------------------------------------------------
---------------------------------------------------------------------------------
Start Cross Boundary and Area Optimization
---------------------------------------------------------------------------------
WARNING: [Synth 8-7080] Parallel synthesis criteria is not met
---------------------------------------------------------------------------------
Finished Cross Boundary and Area Optimization : Time (s): cpu = 00:00:09 ; elapsed = 00:00:10 . Memory (MB): peak = 2325.430 ; gain = 590.520 ; free physical = 600 ; free virtual = 6337
---------------------------------------------------------------------------------
---------------------------------------------------------------------------------
Start Applying XDC Timing Constraints
---------------------------------------------------------------------------------
---------------------------------------------------------------------------------
Finished Applying XDC Timing Constraints : Time (s): cpu = 00:00:13 ; elapsed = 00:00:13 . Memory (MB): peak = 2405.430 ; gain = 670.520 ; free physical = 1121 ; free virtual = 6781
---------------------------------------------------------------------------------
---------------------------------------------------------------------------------
Start Timing Optimization
---------------------------------------------------------------------------------
---------------------------------------------------------------------------------
Finished Timing Optimization : Time (s): cpu = 00:00:13 ; elapsed = 00:00:13 . Memory (MB): peak = 2405.430 ; gain = 670.520 ; free physical = 1121 ; free virtual = 6781
---------------------------------------------------------------------------------
---------------------------------------------------------------------------------
Start Technology Mapping
---------------------------------------------------------------------------------
---------------------------------------------------------------------------------
Finished Technology Mapping : Time (s): cpu = 00:00:13 ; elapsed = 00:00:13 . Memory (MB): peak = 2414.445 ; gain = 679.535 ; free physical = 1105 ; free virtual = 6766
---------------------------------------------------------------------------------
---------------------------------------------------------------------------------
Start IO Insertion
---------------------------------------------------------------------------------
---------------------------------------------------------------------------------
Start Flattening Before IO Insertion
---------------------------------------------------------------------------------
---------------------------------------------------------------------------------
Finished Flattening Before IO Insertion
---------------------------------------------------------------------------------
---------------------------------------------------------------------------------
Start Final Netlist Cleanup
---------------------------------------------------------------------------------
---------------------------------------------------------------------------------
Finished Final Netlist Cleanup
---------------------------------------------------------------------------------
---------------------------------------------------------------------------------
Finished IO Insertion : Time (s): cpu = 00:00:15 ; elapsed = 00:00:15 . Memory (MB): peak = 2576.258 ; gain = 841.348 ; free physical = 1446 ; free virtual = 7105
---------------------------------------------------------------------------------
---------------------------------------------------------------------------------
Start Renaming Generated Instances
---------------------------------------------------------------------------------
---------------------------------------------------------------------------------
Finished Renaming Generated Instances : Time (s): cpu = 00:00:15 ; elapsed = 00:00:15 . Memory (MB): peak = 2576.258 ; gain = 841.348 ; free physical = 1446 ; free virtual = 7105
---------------------------------------------------------------------------------
---------------------------------------------------------------------------------
Start Rebuilding User Hierarchy
---------------------------------------------------------------------------------
---------------------------------------------------------------------------------
Finished Rebuilding User Hierarchy : Time (s): cpu = 00:00:15 ; elapsed = 00:00:15 . Memory (MB): peak = 2576.258 ; gain = 841.348 ; free physical = 1446 ; free virtual = 7105
---------------------------------------------------------------------------------
---------------------------------------------------------------------------------
Start Renaming Generated Ports
---------------------------------------------------------------------------------
---------------------------------------------------------------------------------
Finished Renaming Generated Ports : Time (s): cpu = 00:00:15 ; elapsed = 00:00:15 . Memory (MB): peak = 2576.258 ; gain = 841.348 ; free physical = 1446 ; free virtual = 7105
---------------------------------------------------------------------------------
---------------------------------------------------------------------------------
Start Handling Custom Attributes
---------------------------------------------------------------------------------
---------------------------------------------------------------------------------
Finished Handling Custom Attributes : Time (s): cpu = 00:00:15 ; elapsed = 00:00:15 . Memory (MB): peak = 2576.258 ; gain = 841.348 ; free physical = 1446 ; free virtual = 7105
---------------------------------------------------------------------------------
---------------------------------------------------------------------------------
Start Renaming Generated Nets
---------------------------------------------------------------------------------
---------------------------------------------------------------------------------
Finished Renaming Generated Nets : Time (s): cpu = 00:00:15 ; elapsed = 00:00:15 . Memory (MB): peak = 2576.258 ; gain = 841.348 ; free physical = 1446 ; free virtual = 7105
---------------------------------------------------------------------------------
---------------------------------------------------------------------------------
Start Writing Synthesis Report
---------------------------------------------------------------------------------

Report BlackBoxes: 
+-+--------------+----------+
| |BlackBox name |Instances |
+-+--------------+----------+
+-+--------------+----------+

Report Cell Usage: 
+------+-----------+------+
|      |Cell       |Count |
+------+-----------+------+
|1     |BUFG       |     2|
|2     |MMCME2_ADV |     1|
|3     |IBUFDS     |     1|
+------+-----------+------+
---------------------------------------------------------------------------------
Finished Writing Synthesis Report : Time (s): cpu = 00:00:15 ; elapsed = 00:00:15 . Memory (MB): peak = 2576.258 ; gain = 841.348 ; free physical = 1446 ; free virtual = 7105
---------------------------------------------------------------------------------
Synthesis finished with 0 errors, 0 critical warnings and 1 warnings.
Synthesis Optimization Runtime : Time (s): cpu = 00:00:13 ; elapsed = 00:00:14 . Memory (MB): peak = 2576.258 ; gain = 771.379 ; free physical = 1460 ; free virtual = 7119
Synthesis Optimization Complete : Time (s): cpu = 00:00:15 ; elapsed = 00:00:15 . Memory (MB): peak = 2576.266 ; gain = 841.348 ; free physical = 1460 ; free virtual = 7119
INFO: [Project 1-571] Translating synthesized netlist
Netlist sorting complete. Time (s): cpu = 00:00:00 ; elapsed = 00:00:00 . Memory (MB): peak = 2576.266 ; gain = 0.000 ; free physical = 1460 ; free virtual = 7119
INFO: [Netlist 29-17] Analyzing 2 Unisim elements for replacement
INFO: [Netlist 29-28] Unisim Transformation completed in 0 CPU seconds
INFO: [Project 1-570] Preparing netlist for logic optimization
INFO: [Opt 31-138] Pushed 0 inverter(s) to 0 load pin(s).
Netlist sorting complete. Time (s): cpu = 00:00:00 ; elapsed = 00:00:00 . Memory (MB): peak = 2576.266 ; gain = 0.000 ; free physical = 1628 ; free virtual = 7296
INFO: [Project 1-111] Unisim Transformation Summary:
No Unisim elements were transformed.

Synth Design complete | Checksum: c1afd2de
INFO: [Common 17-83] Releasing license: Synthesis
33 Infos, 1 Warnings, 0 Critical Warnings and 0 Errors encountered.
synth_design completed successfully
synth_design: Time (s): cpu = 00:00:20 ; elapsed = 00:00:18 . Memory (MB): peak = 2576.266 ; gain = 1053.359 ; free physical = 1628 ; free virtual = 7296
INFO: [Common 17-2834] synth_design peak Physical Memory [PSS] (MB): overall = 1773.139; main = 1773.139; forked = 269.005
INFO: [Common 17-2834] synth_design peak Virtual Memory [VSS] (MB): overall = 3251.559; main = 2576.262; forked = 926.125
Write ShapeDB Complete: Time (s): cpu = 00:00:00 ; elapsed = 00:00:00 . Memory (MB): peak = 2600.270 ; gain = 0.000 ; free physical = 1627 ; free virtual = 7296
INFO: [Common 17-1381] The checkpoint '/home/wangjiakun/Development/emperor_soc/hardware/emperor.runs/top_clk_wiz_2_synth_1/top_clk_wiz_2.dcp' has been generated.
INFO: [Coretcl 2-1648] Added synthesis output to IP cache for IP top_clk_wiz_2, cache-ID = b860d2fc45e254a6
Write ShapeDB Complete: Time (s): cpu = 00:00:00 ; elapsed = 00:00:00 . Memory (MB): peak = 2656.297 ; gain = 0.000 ; free physical = 1642 ; free virtual = 7321
INFO: [Common 17-1381] The checkpoint '/home/wangjiakun/Development/emperor_soc/hardware/emperor.runs/top_clk_wiz_2_synth_1/top_clk_wiz_2.dcp' has been generated.
INFO: [Vivado 12-24828] Executing command : report_utilization -file top_clk_wiz_2_utilization_synth.rpt -pb top_clk_wiz_2_utilization_synth.pb
INFO: [Common 17-206] Exiting Vivado at Thu Aug 14 21:41:36 2025...
