
*** Running vivado
    with args -log top_dlmb_v10_0.vds -m64 -product Vivado -mode batch -messageDb vivado.pb -notrace -source top_dlmb_v10_0.tcl

WARNING: Default location for XILINX_HLS not found

****** Vivado v2024.2 (64-bit)
  **** SW Build 5239630 on Fri Nov 08 22:34:34 MST 2024
  **** IP Build 5239520 on Sun Nov 10 16:12:51 MST 2024
  **** SharedData Build 5239561 on Fri Nov 08 14:39:27 MST 2024
  **** Start of session at: Thu Jun 19 03:40:31 2025
    ** Copyright 1986-2022 Xilinx, Inc. All Rights Reserved.
    ** Copyright 2022-2024 Advanced Micro Devices, Inc. All Rights Reserved.

source top_dlmb_v10_0.tcl -notrace
create_project: Time (s): cpu = 00:00:05 ; elapsed = 00:00:05 . Memory (MB): peak = 1503.898 ; gain = 55.840 ; free physical = 9465 ; free virtual = 14251
INFO: [IP_Flow 19-6924] IPCACHE: Running cache check for IP inst: top_dlmb_v10_0
INFO: [IP_Flow 19-6922] IPCACHE: Exporting cached entry 4fcf81d7fd905788 to dir: /home/wangjiakun/Development/emperor_soc/hardware/emperor.runs/top_dlmb_v10_0_synth_1
INFO: [IP_Flow 19-6928] IPCACHE: copied cached file /home/wangjiakun/Development/emperor_soc/hardware/emperor.cache/ip/2024.2/4/f/4fcf81d7fd905788/top_ilmb_v10_0_stub.v to /home/wangjiakun/Development/emperor_soc/hardware/emperor.runs/top_dlmb_v10_0_synth_1/top_dlmb_v10_0_stub.v.
INFO: [IP_Flow 19-6928] IPCACHE: copied cached file /home/wangjiakun/Development/emperor_soc/hardware/emperor.cache/ip/2024.2/4/f/4fcf81d7fd905788/top_ilmb_v10_0_sim_netlist.vhdl to /home/wangjiakun/Development/emperor_soc/hardware/emperor.runs/top_dlmb_v10_0_synth_1/top_dlmb_v10_0_sim_netlist.vhdl.
INFO: [IP_Flow 19-6928] IPCACHE: copied cached file /home/wangjiakun/Development/emperor_soc/hardware/emperor.cache/ip/2024.2/4/f/4fcf81d7fd905788/top_ilmb_v10_0_sim_netlist.v to /home/wangjiakun/Development/emperor_soc/hardware/emperor.runs/top_dlmb_v10_0_synth_1/top_dlmb_v10_0_sim_netlist.v.
INFO: [IP_Flow 19-6928] IPCACHE: copied cached file /home/wangjiakun/Development/emperor_soc/hardware/emperor.cache/ip/2024.2/4/f/4fcf81d7fd905788/top_ilmb_v10_0.dcp to /home/wangjiakun/Development/emperor_soc/hardware/emperor.runs/top_dlmb_v10_0_synth_1/top_dlmb_v10_0.dcp.
INFO: [IP_Flow 19-6928] IPCACHE: copied cached file /home/wangjiakun/Development/emperor_soc/hardware/emperor.cache/ip/2024.2/4/f/4fcf81d7fd905788/top_ilmb_v10_0_stub.vhdl to /home/wangjiakun/Development/emperor_soc/hardware/emperor.runs/top_dlmb_v10_0_synth_1/top_dlmb_v10_0_stub.vhdl.
INFO: [IP_Flow 19-4838] Using cached IP synthesis design for IP top_dlmb_v10_0, cache-ID = 4fcf81d7fd905788.
INFO: [Common 17-206] Exiting Vivado at Thu Jun 19 03:40:41 2025...
