Copyright 1986-2022 Xilinx, Inc. All Rights Reserved. Copyright 2022-2024 Advanced Micro Devices, Inc. All Rights Reserved.
---------------------------------------------------------------------------------------------------------------------------------------------
| Tool Version : Vivado v.2024.2 (lin64) Build 5239630 Fri Nov 08 22:34:34 MST 2024
| Date         : Mon Aug 11 16:02:08 2025
| Host         : wangjiakun-Inspiron-14-Plus-7430 running 64-bit Ubuntu 24.04.1 LTS
| Command      : report_drc -file top_wrapper_drc_routed.rpt -pb top_wrapper_drc_routed.pb -rpx top_wrapper_drc_routed.rpx
| Design       : top_wrapper
| Device       : xc7a200tfbg676-2
| Speed File   : -2
| Design State : Fully Routed
---------------------------------------------------------------------------------------------------------------------------------------------

Report DRC

Table of Contents
-----------------
1. REPORT SUMMARY
2. REPORT DETAILS

1. REPORT SUMMARY
-----------------
            Netlist: netlist
          Floorplan: design_1
      Design limits: <entire design considered>
           Ruledeck: default
             Max checks: <unlimited>
             Checks found: 68
+-----------+----------+-----------------------------------------------------+--------+
| Rule      | Severity | Description                                         | Checks |
+-----------+----------+-----------------------------------------------------+--------+
| CFGBVS-1  | Warning  | Missing CFGBVS and CONFIG_VOLTAGE Design Properties | 1      |
| PDCN-1569 | Warning  | LUT equation term check                             | 3      |
| PDRC-132  | Warning  | SLICE_PairEqSame_A6A5_WARN                          | 1      |
| PDRC-134  | Warning  | SLICE_PairEqSame_B6B5_WARN                          | 2      |
| PDRC-136  | Warning  | SLICE_PairEqSame_C6C5_WARN                          | 1      |
| PDRC-138  | Warning  | SLICE_PairEqSame_D6D5_WARN                          | 1      |
| PDRC-142  | Warning  | SLICE_PairEqSame_B6B5_WARN                          | 26     |
| PDRC-144  | Warning  | SLICE_PairEqSame_C6C5_WARN                          | 17     |
| PDRC-146  | Warning  | SLICE_PairEqSame_D6D5_WARN                          | 8      |
| PDRC-153  | Warning  | Gated clock check                                   | 7      |
| RTSTAT-10 | Warning  | No routable loads                                   | 1      |
+-----------+----------+-----------------------------------------------------+--------+

2. REPORT DETAILS
-----------------
CFGBVS-1#1 Warning
Missing CFGBVS and CONFIG_VOLTAGE Design Properties  
Neither the CFGBVS nor CONFIG_VOLTAGE voltage property is set in the current_design.  Configuration bank voltage select (CFGBVS) must be set to VCCO or GND, and CONFIG_VOLTAGE must be set to the correct configuration voltage, in order to determine the I/O voltage support for the pins in bank 0.  It is suggested to specify these either using the 'Edit Device Properties' function in the GUI or directly in the XDC file using the following syntax:

 set_property CFGBVS value1 [current_design]
 #where value1 is either VCCO or GND

 set_property CONFIG_VOLTAGE value2 [current_design]
 #where value2 is the voltage provided to configuration bank 0

Refer to the device configuration user guide for more information.
Related violations: <none>

PDCN-1569#1 Warning
LUT equation term check  
Used physical LUT pin 'A1' of cell dbg_hub/inst/BSCANID.u_xsdbm_id/SWITCH_N_EXT_BSCAN.bscan_switch/temp_curid[31]_i_1 (pin dbg_hub/inst/BSCANID.u_xsdbm_id/SWITCH_N_EXT_BSCAN.bscan_switch/temp_curid[31]_i_1/I1) is not included in the LUT equation: 'O5=(A2*A5)+(A2*(~A5)*(~A4))+((~A2))'. If this cell is a user instantiated LUT in the design, please remove connectivity to the pin or change the equation and/or INIT string of the LUT to prevent this issue. If the cell is inferred or IP created LUT, please regenerate the IP and/or resynthesize the design to attempt to correct the issue.
Related violations: <none>

PDCN-1569#2 Warning
LUT equation term check  
Used physical LUT pin 'A2' of cell dbg_hub/inst/BSCANID.u_xsdbm_id/SWITCH_N_EXT_BSCAN.id_state[0]_i_1 (pin dbg_hub/inst/BSCANID.u_xsdbm_id/SWITCH_N_EXT_BSCAN.id_state[0]_i_1/I0) is not included in the LUT equation: 'O6=(A6+~A6)*((A5))'. If this cell is a user instantiated LUT in the design, please remove connectivity to the pin or change the equation and/or INIT string of the LUT to prevent this issue. If the cell is inferred or IP created LUT, please regenerate the IP and/or resynthesize the design to attempt to correct the issue.
Related violations: <none>

PDCN-1569#3 Warning
LUT equation term check  
Used physical LUT pin 'A3' of cell dbg_hub/inst/BSCANID.u_xsdbm_id/SWITCH_N_EXT_BSCAN.bscan_switch/temp_curid[31]_i_1 (pin dbg_hub/inst/BSCANID.u_xsdbm_id/SWITCH_N_EXT_BSCAN.bscan_switch/temp_curid[31]_i_1/I0) is not included in the LUT equation: 'O5=(A2*A5)+(A2*(~A5)*(~A4))+((~A2))'. If this cell is a user instantiated LUT in the design, please remove connectivity to the pin or change the equation and/or INIT string of the LUT to prevent this issue. If the cell is inferred or IP created LUT, please regenerate the IP and/or resynthesize the design to attempt to correct the issue.
Related violations: <none>

PDRC-132#1 Warning
SLICE_PairEqSame_A6A5_WARN  
Luts A6LUT and A5LUT in use in site SLICE_X55Y118 with different equations without A6 pin connected to Global Logic High.
Related violations: <none>

PDRC-134#1 Warning
SLICE_PairEqSame_B6B5_WARN  
Luts B6LUT and B5LUT in use in site SLICE_X50Y103 with different equations without A6 pin connected to Global Logic High.
Related violations: <none>

PDRC-134#2 Warning
SLICE_PairEqSame_B6B5_WARN  
Luts B6LUT and B5LUT in use in site SLICE_X55Y120 with different equations without A6 pin connected to Global Logic High.
Related violations: <none>

PDRC-136#1 Warning
SLICE_PairEqSame_C6C5_WARN  
Luts C6LUT and C5LUT in use in site SLICE_X50Y103 with different equations without A6 pin connected to Global Logic High.
Related violations: <none>

PDRC-138#1 Warning
SLICE_PairEqSame_D6D5_WARN  
Luts D6LUT and D5LUT in use in site SLICE_X50Y103 with different equations without A6 pin connected to Global Logic High.
Related violations: <none>

PDRC-142#1 Warning
SLICE_PairEqSame_B6B5_WARN  
Luts B6LUT and B5LUT in use in site SLICE_X20Y83 with different equations without A6 pin connected to Global Logic High.
Related violations: <none>

PDRC-142#2 Warning
SLICE_PairEqSame_B6B5_WARN  
Luts B6LUT and B5LUT in use in site SLICE_X22Y79 with different equations without A6 pin connected to Global Logic High.
Related violations: <none>

PDRC-142#3 Warning
SLICE_PairEqSame_B6B5_WARN  
Luts B6LUT and B5LUT in use in site SLICE_X22Y84 with different equations without A6 pin connected to Global Logic High.
Related violations: <none>

PDRC-142#4 Warning
SLICE_PairEqSame_B6B5_WARN  
Luts B6LUT and B5LUT in use in site SLICE_X22Y86 with different equations without A6 pin connected to Global Logic High.
Related violations: <none>

PDRC-142#5 Warning
SLICE_PairEqSame_B6B5_WARN  
Luts B6LUT and B5LUT in use in site SLICE_X22Y89 with different equations without A6 pin connected to Global Logic High.
Related violations: <none>

PDRC-142#6 Warning
SLICE_PairEqSame_B6B5_WARN  
Luts B6LUT and B5LUT in use in site SLICE_X36Y81 with different equations without A6 pin connected to Global Logic High.
Related violations: <none>

PDRC-142#7 Warning
SLICE_PairEqSame_B6B5_WARN  
Luts B6LUT and B5LUT in use in site SLICE_X36Y85 with different equations without A6 pin connected to Global Logic High.
Related violations: <none>

PDRC-142#8 Warning
SLICE_PairEqSame_B6B5_WARN  
Luts B6LUT and B5LUT in use in site SLICE_X40Y81 with different equations without A6 pin connected to Global Logic High.
Related violations: <none>

PDRC-142#9 Warning
SLICE_PairEqSame_B6B5_WARN  
Luts B6LUT and B5LUT in use in site SLICE_X40Y83 with different equations without A6 pin connected to Global Logic High.
Related violations: <none>

PDRC-142#10 Warning
SLICE_PairEqSame_B6B5_WARN  
Luts B6LUT and B5LUT in use in site SLICE_X40Y87 with different equations without A6 pin connected to Global Logic High.
Related violations: <none>

PDRC-142#11 Warning
SLICE_PairEqSame_B6B5_WARN  
Luts B6LUT and B5LUT in use in site SLICE_X40Y90 with different equations without A6 pin connected to Global Logic High.
Related violations: <none>

PDRC-142#12 Warning
SLICE_PairEqSame_B6B5_WARN  
Luts B6LUT and B5LUT in use in site SLICE_X46Y80 with different equations without A6 pin connected to Global Logic High.
Related violations: <none>

PDRC-142#13 Warning
SLICE_PairEqSame_B6B5_WARN  
Luts B6LUT and B5LUT in use in site SLICE_X48Y77 with different equations without A6 pin connected to Global Logic High.
Related violations: <none>

PDRC-142#14 Warning
SLICE_PairEqSame_B6B5_WARN  
Luts B6LUT and B5LUT in use in site SLICE_X56Y67 with different equations without A6 pin connected to Global Logic High.
Related violations: <none>

PDRC-142#15 Warning
SLICE_PairEqSame_B6B5_WARN  
Luts B6LUT and B5LUT in use in site SLICE_X60Y69 with different equations without A6 pin connected to Global Logic High.
Related violations: <none>

PDRC-142#16 Warning
SLICE_PairEqSame_B6B5_WARN  
Luts B6LUT and B5LUT in use in site SLICE_X60Y72 with different equations without A6 pin connected to Global Logic High.
Related violations: <none>

PDRC-142#17 Warning
SLICE_PairEqSame_B6B5_WARN  
Luts B6LUT and B5LUT in use in site SLICE_X62Y70 with different equations without A6 pin connected to Global Logic High.
Related violations: <none>

PDRC-142#18 Warning
SLICE_PairEqSame_B6B5_WARN  
Luts B6LUT and B5LUT in use in site SLICE_X62Y73 with different equations without A6 pin connected to Global Logic High.
Related violations: <none>

PDRC-142#19 Warning
SLICE_PairEqSame_B6B5_WARN  
Luts B6LUT and B5LUT in use in site SLICE_X62Y91 with different equations without A6 pin connected to Global Logic High.
Related violations: <none>

PDRC-142#20 Warning
SLICE_PairEqSame_B6B5_WARN  
Luts B6LUT and B5LUT in use in site SLICE_X64Y73 with different equations without A6 pin connected to Global Logic High.
Related violations: <none>

PDRC-142#21 Warning
SLICE_PairEqSame_B6B5_WARN  
Luts B6LUT and B5LUT in use in site SLICE_X64Y75 with different equations without A6 pin connected to Global Logic High.
Related violations: <none>

PDRC-142#22 Warning
SLICE_PairEqSame_B6B5_WARN  
Luts B6LUT and B5LUT in use in site SLICE_X66Y70 with different equations without A6 pin connected to Global Logic High.
Related violations: <none>

PDRC-142#23 Warning
SLICE_PairEqSame_B6B5_WARN  
Luts B6LUT and B5LUT in use in site SLICE_X66Y72 with different equations without A6 pin connected to Global Logic High.
Related violations: <none>

PDRC-142#24 Warning
SLICE_PairEqSame_B6B5_WARN  
Luts B6LUT and B5LUT in use in site SLICE_X66Y90 with different equations without A6 pin connected to Global Logic High.
Related violations: <none>

PDRC-142#25 Warning
SLICE_PairEqSame_B6B5_WARN  
Luts B6LUT and B5LUT in use in site SLICE_X68Y70 with different equations without A6 pin connected to Global Logic High.
Related violations: <none>

PDRC-142#26 Warning
SLICE_PairEqSame_B6B5_WARN  
Luts B6LUT and B5LUT in use in site SLICE_X70Y86 with different equations without A6 pin connected to Global Logic High.
Related violations: <none>

PDRC-144#1 Warning
SLICE_PairEqSame_C6C5_WARN  
Luts C6LUT and C5LUT in use in site SLICE_X22Y79 with different equations without A6 pin connected to Global Logic High.
Related violations: <none>

PDRC-144#2 Warning
SLICE_PairEqSame_C6C5_WARN  
Luts C6LUT and C5LUT in use in site SLICE_X22Y84 with different equations without A6 pin connected to Global Logic High.
Related violations: <none>

PDRC-144#3 Warning
SLICE_PairEqSame_C6C5_WARN  
Luts C6LUT and C5LUT in use in site SLICE_X22Y86 with different equations without A6 pin connected to Global Logic High.
Related violations: <none>

PDRC-144#4 Warning
SLICE_PairEqSame_C6C5_WARN  
Luts C6LUT and C5LUT in use in site SLICE_X36Y81 with different equations without A6 pin connected to Global Logic High.
Related violations: <none>

PDRC-144#5 Warning
SLICE_PairEqSame_C6C5_WARN  
Luts C6LUT and C5LUT in use in site SLICE_X36Y85 with different equations without A6 pin connected to Global Logic High.
Related violations: <none>

PDRC-144#6 Warning
SLICE_PairEqSame_C6C5_WARN  
Luts C6LUT and C5LUT in use in site SLICE_X40Y81 with different equations without A6 pin connected to Global Logic High.
Related violations: <none>

PDRC-144#7 Warning
SLICE_PairEqSame_C6C5_WARN  
Luts C6LUT and C5LUT in use in site SLICE_X40Y83 with different equations without A6 pin connected to Global Logic High.
Related violations: <none>

PDRC-144#8 Warning
SLICE_PairEqSame_C6C5_WARN  
Luts C6LUT and C5LUT in use in site SLICE_X40Y87 with different equations without A6 pin connected to Global Logic High.
Related violations: <none>

PDRC-144#9 Warning
SLICE_PairEqSame_C6C5_WARN  
Luts C6LUT and C5LUT in use in site SLICE_X46Y80 with different equations without A6 pin connected to Global Logic High.
Related violations: <none>

PDRC-144#10 Warning
SLICE_PairEqSame_C6C5_WARN  
Luts C6LUT and C5LUT in use in site SLICE_X60Y69 with different equations without A6 pin connected to Global Logic High.
Related violations: <none>

PDRC-144#11 Warning
SLICE_PairEqSame_C6C5_WARN  
Luts C6LUT and C5LUT in use in site SLICE_X62Y70 with different equations without A6 pin connected to Global Logic High.
Related violations: <none>

PDRC-144#12 Warning
SLICE_PairEqSame_C6C5_WARN  
Luts C6LUT and C5LUT in use in site SLICE_X62Y73 with different equations without A6 pin connected to Global Logic High.
Related violations: <none>

PDRC-144#13 Warning
SLICE_PairEqSame_C6C5_WARN  
Luts C6LUT and C5LUT in use in site SLICE_X62Y91 with different equations without A6 pin connected to Global Logic High.
Related violations: <none>

PDRC-144#14 Warning
SLICE_PairEqSame_C6C5_WARN  
Luts C6LUT and C5LUT in use in site SLICE_X64Y75 with different equations without A6 pin connected to Global Logic High.
Related violations: <none>

PDRC-144#15 Warning
SLICE_PairEqSame_C6C5_WARN  
Luts C6LUT and C5LUT in use in site SLICE_X66Y70 with different equations without A6 pin connected to Global Logic High.
Related violations: <none>

PDRC-144#16 Warning
SLICE_PairEqSame_C6C5_WARN  
Luts C6LUT and C5LUT in use in site SLICE_X66Y90 with different equations without A6 pin connected to Global Logic High.
Related violations: <none>

PDRC-144#17 Warning
SLICE_PairEqSame_C6C5_WARN  
Luts C6LUT and C5LUT in use in site SLICE_X70Y86 with different equations without A6 pin connected to Global Logic High.
Related violations: <none>

PDRC-146#1 Warning
SLICE_PairEqSame_D6D5_WARN  
Luts D6LUT and D5LUT in use in site SLICE_X22Y84 with different equations without A6 pin connected to Global Logic High.
Related violations: <none>

PDRC-146#2 Warning
SLICE_PairEqSame_D6D5_WARN  
Luts D6LUT and D5LUT in use in site SLICE_X36Y85 with different equations without A6 pin connected to Global Logic High.
Related violations: <none>

PDRC-146#3 Warning
SLICE_PairEqSame_D6D5_WARN  
Luts D6LUT and D5LUT in use in site SLICE_X40Y81 with different equations without A6 pin connected to Global Logic High.
Related violations: <none>

PDRC-146#4 Warning
SLICE_PairEqSame_D6D5_WARN  
Luts D6LUT and D5LUT in use in site SLICE_X40Y83 with different equations without A6 pin connected to Global Logic High.
Related violations: <none>

PDRC-146#5 Warning
SLICE_PairEqSame_D6D5_WARN  
Luts D6LUT and D5LUT in use in site SLICE_X40Y87 with different equations without A6 pin connected to Global Logic High.
Related violations: <none>

PDRC-146#6 Warning
SLICE_PairEqSame_D6D5_WARN  
Luts D6LUT and D5LUT in use in site SLICE_X62Y70 with different equations without A6 pin connected to Global Logic High.
Related violations: <none>

PDRC-146#7 Warning
SLICE_PairEqSame_D6D5_WARN  
Luts D6LUT and D5LUT in use in site SLICE_X62Y91 with different equations without A6 pin connected to Global Logic High.
Related violations: <none>

PDRC-146#8 Warning
SLICE_PairEqSame_D6D5_WARN  
Luts D6LUT and D5LUT in use in site SLICE_X64Y75 with different equations without A6 pin connected to Global Logic High.
Related violations: <none>

PDRC-153#1 Warning
Gated clock check  
Net top_i/mmio_subsystem_0/inst/control/w_next_state is a gated clock net sourced by a combinational pin top_i/mmio_subsystem_0/inst/control/FSM_onehot_w_next_state_reg[4]_i_2/O, cell top_i/mmio_subsystem_0/inst/control/FSM_onehot_w_next_state_reg[4]_i_2. This is not good design practice and will likely impact performance. For SLICE registers, for example, use the CE pin to control the loading of data.
Related violations: <none>

PDRC-153#2 Warning
Gated clock check  
Net top_i/mmio_subsystem_0/inst/control/w_rd_done__0 is a gated clock net sourced by a combinational pin top_i/mmio_subsystem_0/inst/control/w_rd_done_reg_i_2/O, cell top_i/mmio_subsystem_0/inst/control/w_rd_done_reg_i_2. This is not good design practice and will likely impact performance. For SLICE registers, for example, use the CE pin to control the loading of data.
Related violations: <none>

PDRC-153#3 Warning
Gated clock check  
Net top_i/mmio_subsystem_0/inst/control/w_slave_error__0 is a gated clock net sourced by a combinational pin top_i/mmio_subsystem_0/inst/control/w_slave_error_reg_i_2/O, cell top_i/mmio_subsystem_0/inst/control/w_slave_error_reg_i_2. This is not good design practice and will likely impact performance. For SLICE registers, for example, use the CE pin to control the loading of data.
Related violations: <none>

PDRC-153#4 Warning
Gated clock check  
Net top_i/mmio_subsystem_0/inst/emperor_gpio/w_next_state is a gated clock net sourced by a combinational pin top_i/mmio_subsystem_0/inst/emperor_gpio/FSM_onehot_w_next_state_reg[1]_i_2__1/O, cell top_i/mmio_subsystem_0/inst/emperor_gpio/FSM_onehot_w_next_state_reg[1]_i_2__1. This is not good design practice and will likely impact performance. For SLICE registers, for example, use the CE pin to control the loading of data.
Related violations: <none>

PDRC-153#5 Warning
Gated clock check  
Net top_i/mmio_subsystem_0/inst/emperor_timer/w_decode_error__0 is a gated clock net sourced by a combinational pin top_i/mmio_subsystem_0/inst/emperor_timer/w_decode_error_reg_i_2/O, cell top_i/mmio_subsystem_0/inst/emperor_timer/w_decode_error_reg_i_2. This is not good design practice and will likely impact performance. For SLICE registers, for example, use the CE pin to control the loading of data.
Related violations: <none>

PDRC-153#6 Warning
Gated clock check  
Net top_i/mmio_subsystem_0/inst/emperor_timer/w_next_state is a gated clock net sourced by a combinational pin top_i/mmio_subsystem_0/inst/emperor_timer/FSM_onehot_w_next_state_reg[2]_i_2__1/O, cell top_i/mmio_subsystem_0/inst/emperor_timer/FSM_onehot_w_next_state_reg[2]_i_2__1. This is not good design practice and will likely impact performance. For SLICE registers, for example, use the CE pin to control the loading of data.
Related violations: <none>

PDRC-153#7 Warning
Gated clock check  
Net top_i/mmio_subsystem_0/inst/emperor_uart/w_next_state is a gated clock net sourced by a combinational pin top_i/mmio_subsystem_0/inst/emperor_uart/FSM_onehot_w_next_state_reg[2]_i_2__0/O, cell top_i/mmio_subsystem_0/inst/emperor_uart/FSM_onehot_w_next_state_reg[2]_i_2__0. This is not good design practice and will likely impact performance. For SLICE registers, for example, use the CE pin to control the loading of data.
Related violations: <none>

RTSTAT-10#1 Warning
No routable loads  
31 net(s) have no routable loads. The problem bus(es) and/or net(s) are dbg_hub/inst/BSCANID.u_xsdbm_id/CORE_XSDB.UUT_MASTER/U_ICON_INTERFACE/U_CMD1/ctl_reg_en_2[1],
dbg_hub/inst/BSCANID.u_xsdbm_id/CORE_XSDB.UUT_MASTER/U_ICON_INTERFACE/U_CMD6_RD/U_RD_FIFO/SUBCORE_FIFO.xsdbm_v3_0_3_rdfifo_inst/inst_fifo_gen/gconvfifo.rf/grf.rf/gntv_or_sync_fifo.gl0.rd/gr1.gr1_int.rfwft/aempty_fwft_i,
dbg_hub/inst/BSCANID.u_xsdbm_id/CORE_XSDB.UUT_MASTER/U_ICON_INTERFACE/U_CMD6_RD/U_RD_FIFO/SUBCORE_FIFO.xsdbm_v3_0_3_rdfifo_inst/inst_fifo_gen/gconvfifo.rf/grf.rf/gntv_or_sync_fifo.gl0.rd/gras.rsts/ram_empty_i,
dbg_hub/inst/BSCANID.u_xsdbm_id/CORE_XSDB.UUT_MASTER/U_ICON_INTERFACE/U_CMD6_RD/U_RD_FIFO/SUBCORE_FIFO.xsdbm_v3_0_3_rdfifo_inst/inst_fifo_gen/gconvfifo.rf/grf.rf/gntv_or_sync_fifo.gl0.wr/gwhf.whf/overflow,
dbg_hub/inst/BSCANID.u_xsdbm_id/CORE_XSDB.UUT_MASTER/U_ICON_INTERFACE/U_CMD6_RD/U_RD_FIFO/SUBCORE_FIFO.xsdbm_v3_0_3_rdfifo_inst/inst_fifo_gen/gconvfifo.rf/grf.rf/rstblk/ngwrdrst.grst.wr_rst_reg[2],
dbg_hub/inst/BSCANID.u_xsdbm_id/CORE_XSDB.UUT_MASTER/U_ICON_INTERFACE/U_CMD6_WR/U_WR_FIFO/SUBCORE_FIFO.xsdbm_v3_0_3_wrfifo_inst/inst_fifo_gen/gconvfifo.rf/grf.rf/gntv_or_sync_fifo.gl0.wr/gwas.wsts/ram_full_i,
dbg_hub/inst/BSCANID.u_xsdbm_id/CORE_XSDB.UUT_MASTER/U_ICON_INTERFACE/U_CMD6_WR/U_WR_FIFO/SUBCORE_FIFO.xsdbm_v3_0_3_wrfifo_inst/inst_fifo_gen/gconvfifo.rf/grf.rf/gntv_or_sync_fifo.gl0.wr/gwhf.whf/overflow,
dbg_hub/inst/BSCANID.u_xsdbm_id/CORE_XSDB.UUT_MASTER/U_ICON_INTERFACE/U_CMD6_WR/U_WR_FIFO/SUBCORE_FIFO.xsdbm_v3_0_3_wrfifo_inst/inst_fifo_gen/gconvfifo.rf/grf.rf/rstblk/ngwrdrst.grst.rd_rst_reg[0],
dbg_hub/inst/BSCANID.u_xsdbm_id/CORE_XSDB.UUT_MASTER/U_ICON_INTERFACE/U_CMD6_WR/U_WR_FIFO/SUBCORE_FIFO.xsdbm_v3_0_3_wrfifo_inst/inst_fifo_gen/gconvfifo.rf/grf.rf/rstblk/ngwrdrst.grst.wr_rst_reg[2],
dbg_hub/inst/BSCANID.u_xsdbm_id/CORE_XSDB.UUT_MASTER/U_ICON_INTERFACE/U_CMD7_CTL/ctl_reg[2:0],
dbg_hub/inst/BSCANID.u_xsdbm_id/CORE_XSDB.UUT_MASTER/U_ICON_INTERFACE/U_CMD7_CTL/ctl_reg_en_2[1],
dbg_hub/inst/BSCANID.u_xsdbm_id/SWITCH_N_EXT_BSCAN.bscan_inst/TMS,
dbg_hub/inst/BSCANID.u_xsdbm_id/SWITCH_N_EXT_BSCAN.bscan_switch/m_bscan_capture[0],
dbg_hub/inst/BSCANID.u_xsdbm_id/SWITCH_N_EXT_BSCAN.bscan_switch/m_bscan_drck[0],
dbg_hub/inst/BSCANID.u_xsdbm_id/SWITCH_N_EXT_BSCAN.bscan_switch/m_bscan_runtest[0]
 (the first 15 of 29 listed nets/buses).
Related violations: <none>


